This is pdfTeX, Version 3.141592653-2.6-1.40.23 (TeX Live 2021/W32TeX) (preloaded format=pdflatex 2022.2.21)  5 NOV 2022 21:51
entering extended mode
 restricted \write18 enabled.
 %&-line parsing enabled.
**Report.tex
(./Report.tex
LaTeX2e <2021-11-15> patch level 1
L3 programming layer <2022-02-05> (./pinp.cls
Document Class: pinp 2019-Sep-07, based on pnas-new 2018/05/06, v1.44

! LaTeX Error: File `extarticle.cls' not found.

Type X to quit or <RETURN> to proceed,
or enter new name. (Default extension: cls)

Enter file name: 
! Emergency stop.
<read *> flag __f
                 
l.46 ^^M
         
Here is how much of TeX's memory you used:
 52 strings out of 480238
 950 string characters out of 5894025
 284783 words of memory out of 5000000
 18100 multiletter control sequences out of 15000+600000
 469259 words of font info for 28 fonts, out of 8000000 for 9000
 14 hyphenation exceptions out of 8191
 33i,0n,50p,98b,17s stack positions out of 5000i,500n,10000p,200000b,80000s

!  ==> Fatal error occurred, no output PDF file produced!
